<?xml version="1.0" encoding="UTF-8"?>
<!-- Generated by org.testng.reporters.JUnitReportReporter -->
<testsuite skipped="0" hostname="ZZRahKumar01" name="com.naukri.test.LoginInAccount_TestCase_02" tests="2" failures="0" timestamp="2020-05-07T15:47:30 IST" time="40.912" errors="0">
  <testcase name="Setuptest" time="0.009" classname="com.naukri.test.LoginInAccount_TestCase_02"/>
  <system-out/>
  <testcase name="SignIn" time="40.903" classname="com.naukri.test.LoginInAccount_TestCase_02"/>
  <system-out/>
</testsuite> <!-- com.naukri.test.LoginInAccount_TestCase_02 -->
