<?xml version="1.0" encoding="UTF-8"?>
<!-- Generated by org.testng.reporters.JUnitReportReporter -->
<testsuite skipped="0" hostname="ZZRahKumar01" name="tests.Dummy" tests="3" failures="0" timestamp="2020-04-26T18:28:09 IST" time="0.016" errors="0">
  <testcase name="test10" time="0.013" classname="tests.Dummy"/>
  <system-out/>
  <testcase name="test13" time="0.001" classname="tests.Dummy"/>
  <system-out/>
  <testcase name="test12" time="0.002" classname="tests.Dummy"/>
  <system-out/>
</testsuite> <!-- tests.Dummy -->
