<?xml version="1.0" encoding="UTF-8"?>
<!-- Generated by org.testng.reporters.JUnitReportReporter -->
<testsuite skipped="0" hostname="ZZRahKumar01" name="tests.BaseClass" tests="1" failures="0" timestamp="2020-04-05T16:50:09 IST" time="0.023" errors="0">
  <testcase name="Setuptest" time="0.023" classname="tests.BaseClass"/>
  <system-out/>
</testsuite> <!-- tests.BaseClass -->
