<?xml version="1.0" encoding="UTF-8"?>
<!-- Generated by org.testng.reporters.JUnitReportReporter -->
<testsuite skipped="1" hostname="ZZRahKumar01" name="com.naukri.test.LandingPageTestCase_01" tests="3" failures="0" timestamp="2020-04-26T12:36:55 IST" time="19.512" errors="0">
  <testcase name="Setuptest" time="0.007" classname="com.naukri.test.LandingPageTestCase_01"/>
  <system-out/>
  <testcase name="AccountTest" time="19.505" classname="com.naukri.test.LandingPageTestCase_01"/>
  <system-out/>
  <testcase name="LandingPageTest" classname="com.naukri.test.LandingPageTestCase_01">
    <skipped/>
  </testcase> <!-- LandingPageTest -->
  <system-out/>
</testsuite> <!-- com.naukri.test.LandingPageTestCase_01 -->
