<?xml version="1.0" encoding="UTF-8"?>
<!-- Generated by org.testng.reporters.JUnitReportReporter -->
<testsuite skipped="0" hostname="ZZRahKumar01" name="com.naukri.test.TestJaya" tests="2" failures="0" timestamp="2020-05-07T16:18:28 IST" time="37.062" errors="0">
  <testcase name="HandleGoit" time="37.042" classname="com.naukri.test.TestJaya"/>
  <system-out/>
  <testcase name="Setuptest" time="0.020" classname="com.naukri.test.TestJaya"/>
  <system-out/>
</testsuite> <!-- com.naukri.test.TestJaya -->
