<?xml version="1.0" encoding="UTF-8"?>
<!-- Generated by org.testng.reporters.JUnitReportReporter -->
<testsuite skipped="0" hostname="ZZRahKumar01" name="tests.RegressionTest" tests="2" failures="0" timestamp="2020-04-07T16:42:04 IST" time="23.278" errors="0">
  <testcase name="TestHammerPage" time="23.270" classname="tests.RegressionTest"/>
  <system-out/>
  <testcase name="Setuptest" time="0.008" classname="tests.RegressionTest"/>
  <system-out/>
</testsuite> <!-- tests.RegressionTest -->
