<?xml version="1.0" encoding="UTF-8"?>
<!-- Generated by org.testng.reporters.JUnitReportReporter -->
<testsuite skipped="0" hostname="ZZRahKumar01" name="com.naukri.test.DashBoardPageTC" tests="2" failures="0" timestamp="2020-04-19T18:09:55 IST" time="4.486" errors="0">
  <testcase name="Setuptest" time="0.006" classname="com.naukri.test.DashBoardPageTC"/>
  <system-out/>
  <testcase name="TestD" time="4.480" classname="com.naukri.test.DashBoardPageTC"/>
  <system-out/>
</testsuite> <!-- com.naukri.test.DashBoardPageTC -->
