<?xml version="1.0" encoding="UTF-8"?>
<!-- Generated by org.testng.reporters.JUnitReportReporter -->
<testsuite skipped="0" hostname="ZZRahKumar01" name="tests.Dummy1" tests="2" failures="0" timestamp="2020-04-26T17:20:13 IST" time="0.020" errors="0">
  <testcase name="test10" time="0.015" classname="tests.Dummy1"/>
  <system-out/>
  <testcase name="test9" time="0.005" classname="tests.Dummy1"/>
  <system-out/>
</testsuite> <!-- tests.Dummy1 -->
